<?xml version="1.0" encoding="UTF-8"?>
<testng-results ignored="2" total="3" passed="1" failed="0" skipped="0">
  <reporter-output>
  </reporter-output>
  <suite started-at="2024-06-21T13:04:27 IST" name="Default suite" finished-at="2024-06-21T13:04:54 IST" duration-ms="26776">
    <groups>
      <group name="smoke test">
        <method signature="CreatContactTest.creatcontactTest()[pri:0, instance:com.vtigercrm.contacttest.CreatContactTest@470734c3]" name="creatcontactTest" class="com.vtigercrm.contacttest.CreatContactTest"/>
      </group> <!-- smoke test -->
    </groups>
    <test started-at="2024-06-21T13:04:27 IST" name="Default test" finished-at="2024-06-21T13:04:54 IST" duration-ms="26776">
      <class name="com.vtigercrm.contacttest.CreatContactTest">
        <test-method is-config="true" signature="congigBS()[pri:0, instance:com.vtigercrm.contacttest.CreatContactTest@470734c3]" started-at="2024-06-21T13:04:26 IST" name="congigBS" finished-at="2024-06-21T13:04:27 IST" duration-ms="549" status="PASS">
          <reporter-output>
          </reporter-output>
        </test-method> <!-- congigBS -->
        <test-method is-config="true" signature="congigBC()[pri:0, instance:com.vtigercrm.contacttest.CreatContactTest@470734c3]" started-at="2024-06-21T13:04:27 IST" name="congigBC" finished-at="2024-06-21T13:04:29 IST" duration-ms="1776" status="PASS">
          <reporter-output>
          </reporter-output>
        </test-method> <!-- congigBC -->
        <test-method is-config="true" signature="congigBM()[pri:0, instance:com.vtigercrm.contacttest.CreatContactTest@470734c3]" started-at="2024-06-21T13:04:29 IST" name="congigBM" finished-at="2024-06-21T13:04:37 IST" duration-ms="7899" status="PASS">
          <reporter-output>
          </reporter-output>
        </test-method> <!-- congigBM -->
        <test-method signature="creatcontactTest()[pri:0, instance:com.vtigercrm.contacttest.CreatContactTest@470734c3]" started-at="2024-06-21T13:04:37 IST" name="creatcontactTest" finished-at="2024-06-21T13:04:52 IST" duration-ms="15648" status="PASS">
          <reporter-output>
          </reporter-output>
        </test-method> <!-- creatcontactTest -->
        <test-method is-config="true" signature="congigAM()[pri:0, instance:com.vtigercrm.contacttest.CreatContactTest@470734c3]" started-at="2024-06-21T13:04:52 IST" name="congigAM" finished-at="2024-06-21T13:04:53 IST" duration-ms="1108" status="PASS">
          <reporter-output>
          </reporter-output>
        </test-method> <!-- congigAM -->
        <test-method is-config="true" signature="congigAC()[pri:0, instance:com.vtigercrm.contacttest.CreatContactTest@470734c3]" started-at="2024-06-21T13:04:53 IST" name="congigAC" finished-at="2024-06-21T13:04:54 IST" duration-ms="276" status="PASS">
          <reporter-output>
          </reporter-output>
        </test-method> <!-- congigAC -->
        <test-method is-config="true" signature="congigAS()[pri:0, instance:com.vtigercrm.contacttest.CreatContactTest@470734c3]" started-at="2024-06-21T13:04:54 IST" name="congigAS" finished-at="2024-06-21T13:04:54 IST" duration-ms="1" status="PASS">
          <reporter-output>
          </reporter-output>
        </test-method> <!-- congigAS -->
      </class> <!-- com.vtigercrm.contacttest.CreatContactTest -->
    </test> <!-- Default test -->
  </suite> <!-- Default suite -->
</testng-results>
