<?xml version="1.0" encoding="UTF-8"?>
<!-- Generated by org.testng.reporters.JUnitXMLReporter -->
<testsuite ignored="2" hostname="DESKTOP-9QNQ3PS" failures="0" tests="1" name="Default test" time="26.776" errors="0" timestamp="2024-06-21T13:04:54 IST">
  <testcase classname="com.vtigercrm.contacttest.CreatContactTest" name="creatcontactTest" time="15.648"/>
  <testcase classname="com.vtigercrm.contacttest.CreatContactTest" name="creatcontactwithsupportdateTest" time="0.0">
    <ignored/>
  </testcase> <!-- creatcontactwithsupportdateTest -->
  <testcase classname="com.vtigercrm.contacttest.CreatContactTest" name="creatcontactwithorgTest" time="0.0">
    <ignored/>
  </testcase> <!-- creatcontactwithorgTest -->
</testsuite> <!-- Default test -->
