<?xml version="1.0" encoding="UTF-8"?>
<!-- Generated by org.testng.reporters.JUnitXMLReporter -->
<testsuite ignored="0" hostname="DESKTOP-9QNQ3PS" failures="0" tests="3" name="contactTest" time="44.231" errors="0" timestamp="2024-06-19T12:39:10 IST">
  <testcase classname="com.vtigercrm.contacttest.CreatContactTest" name="creatcontactTest" time="9.573"/>
  <testcase classname="com.vtigercrm.contacttest.CreatContactTest" name="creatcontactwithorgTest" time="11.135"/>
  <testcase classname="com.vtigercrm.contacttest.CreatContactTest" name="creatcontactwithsupportdateTest" time="4.622"/>
</testsuite> <!-- contactTest -->
