<?xml version="1.0" encoding="UTF-8"?>
<!-- Generated by org.testng.reporters.JUnitXMLReporter -->
<testsuite ignored="2" hostname="DESKTOP-9QNQ3PS" failures="0" tests="1" name="Test" time="24.103" errors="0" timestamp="2024-06-20T18:25:35 IST">
  <testcase classname="com.vtigercrm.contacttest.CreatContactTest" name="creatcontactTest" time="11.344"/>
  <testcase classname="com.vtigercrm.contacttest.CreatContactTest" name="creatcontactwithorgTest" time="0.0">
    <ignored/>
  </testcase> <!-- creatcontactwithorgTest -->
  <testcase classname="com.vtigercrm.contacttest.CreatContactTest" name="creatcontactwithsupportdateTest" time="0.0">
    <ignored/>
  </testcase> <!-- creatcontactwithsupportdateTest -->
</testsuite> <!-- Test -->
